  Pacman.cpp
C:\Program Files (x86)\Microsoft Visual Studio\2019\Community\VC\Tools\MSVC\14.22.27905\include\vector(1716,1): warning C4251:  'std::vector<S2D::Input::Keys,std::allocator<_Ty>>::_Mypair': class 'std::_Compressed_pair<std::allocator<_Ty>,std::_Vector_val<std::_Simple_types<_Ty>>,true>' needs to have dll-interface to be used by clients of class 'std::vector<S2D::Input::Keys,std::allocator<_Ty>>'
C:\Program Files (x86)\Microsoft Visual Studio\2019\Community\VC\Tools\MSVC\14.22.27905\include\vector(1716,1): warning C4251:         with
C:\Program Files (x86)\Microsoft Visual Studio\2019\Community\VC\Tools\MSVC\14.22.27905\include\vector(1716,1): warning C4251:         [
C:\Program Files (x86)\Microsoft Visual Studio\2019\Community\VC\Tools\MSVC\14.22.27905\include\vector(1716,1): warning C4251:             _Ty=S2D::Input::Keys
C:\Program Files (x86)\Microsoft Visual Studio\2019\Community\VC\Tools\MSVC\14.22.27905\include\vector(1716,1): warning C4251:         ]
C:\Program Files (x86)\Microsoft Visual Studio\2019\Community\VC\Tools\MSVC\14.22.27905\include\vector(1716): message :  see declaration of 'std::_Compressed_pair<std::allocator<_Ty>,std::_Vector_val<std::_Simple_types<_Ty>>,true>'
C:\Program Files (x86)\Microsoft Visual Studio\2019\Community\VC\Tools\MSVC\14.22.27905\include\vector(1716): message :         with
C:\Program Files (x86)\Microsoft Visual Studio\2019\Community\VC\Tools\MSVC\14.22.27905\include\vector(1716): message :         [
C:\Program Files (x86)\Microsoft Visual Studio\2019\Community\VC\Tools\MSVC\14.22.27905\include\vector(1716): message :             _Ty=S2D::Input::Keys
C:\Program Files (x86)\Microsoft Visual Studio\2019\Community\VC\Tools\MSVC\14.22.27905\include\vector(1716): message :         ]
D:\University\Fundamentals of Games and Graphical Systems\Assessment\PacmanFramework(S2Dv1.5)\Pacman\Pacman\S2D\Input.h(108): message :  see reference to class template instantiation 'std::vector<S2D::Input::Keys,std::allocator<_Ty>>' being compiled
D:\University\Fundamentals of Games and Graphical Systems\Assessment\PacmanFramework(S2Dv1.5)\Pacman\Pacman\S2D\Input.h(108): message :         with
D:\University\Fundamentals of Games and Graphical Systems\Assessment\PacmanFramework(S2Dv1.5)\Pacman\Pacman\S2D\Input.h(108): message :         [
D:\University\Fundamentals of Games and Graphical Systems\Assessment\PacmanFramework(S2Dv1.5)\Pacman\Pacman\S2D\Input.h(108): message :             _Ty=S2D::Input::Keys
D:\University\Fundamentals of Games and Graphical Systems\Assessment\PacmanFramework(S2Dv1.5)\Pacman\Pacman\S2D\Input.h(108): message :         ]
D:\University\Fundamentals of Games and Graphical Systems\Assessment\PacmanFramework(S2Dv1.5)\Pacman\Pacman\Pacman.cpp(118,36): warning C4244:  'argument': conversion from 'float' to 'int', possible loss of data
D:\University\Fundamentals of Games and Graphical Systems\Assessment\PacmanFramework(S2Dv1.5)\Pacman\Pacman\Pacman.cpp(118,29): warning C4244:  'argument': conversion from 'float' to 'int', possible loss of data
D:\University\Fundamentals of Games and Graphical Systems\Assessment\PacmanFramework(S2Dv1.5)\Pacman\Pacman\Pacman.cpp(161,37): warning C4244:  '=': conversion from 'float' to 'int', possible loss of data
D:\University\Fundamentals of Games and Graphical Systems\Assessment\PacmanFramework(S2Dv1.5)\Pacman\Pacman\Pacman.cpp(162,39): warning C4244:  '=': conversion from 'float' to 'int', possible loss of data
D:\University\Fundamentals of Games and Graphical Systems\Assessment\PacmanFramework(S2Dv1.5)\Pacman\Pacman\Pacman.cpp(163,34): warning C4244:  '=': conversion from 'float' to 'int', possible loss of data
D:\University\Fundamentals of Games and Graphical Systems\Assessment\PacmanFramework(S2Dv1.5)\Pacman\Pacman\Pacman.cpp(164,40): warning C4244:  '=': conversion from 'float' to 'int', possible loss of data
D:\University\Fundamentals of Games and Graphical Systems\Assessment\PacmanFramework(S2Dv1.5)\Pacman\Pacman\Pacman.cpp(378,29): warning C4244:  '=': conversion from 'int' to 'float', possible loss of data
D:\University\Fundamentals of Games and Graphical Systems\Assessment\PacmanFramework(S2Dv1.5)\Pacman\Pacman\Pacman.cpp(397,29): warning C4244:  '=': conversion from 'int' to 'float', possible loss of data
D:\University\Fundamentals of Games and Graphical Systems\Assessment\PacmanFramework(S2Dv1.5)\Pacman\Pacman\Pacman.cpp(603,34): warning C4244:  'argument': conversion from 'int' to 'float', possible loss of data
D:\University\Fundamentals of Games and Graphical Systems\Assessment\PacmanFramework(S2Dv1.5)\Pacman\Pacman\Pacman.cpp(603,26): warning C4244:  'argument': conversion from 'int' to 'float', possible loss of data
D:\University\Fundamentals of Games and Graphical Systems\Assessment\PacmanFramework(S2Dv1.5)\Pacman\Pacman\Pacman.cpp(779,18): warning C4553:  '==': result of expression not used; did you intend '='?
  Pacman.vcxproj -> D:\University\Fundamentals of Games and Graphical Systems\Assessment\PacmanFramework(S2Dv1.5)\Pacman\Debug\Pacman.exe
